[35m[1mScanning dependencies of target flyab_lib[0m
[  0%] Built target std_msgs_generate_messages_lisp
[  0%] Built target geometry_msgs_generate_messages_lisp
[  7%] [32mBuilding CXX object CMakeFiles/flyab_lib.dir/src/flyab_lib.cpp.o[0m
[  7%] Built target geometry_msgs_generate_messages_py
[  7%] Built target std_msgs_generate_messages_py
[  7%] Built target std_msgs_generate_messages_eus
[  7%] Built target geometry_msgs_generate_messages_eus
[  7%] Built target _flyab_generate_messages_check_deps_FlatTarget
[  7%] Built target geometry_msgs_generate_messages_cpp
[  7%] Built target std_msgs_generate_messages_cpp
[  7%] Built target geometry_msgs_generate_messages_nodejs
[  7%] Built target std_msgs_generate_messages_nodejs
[ 15%] Built target flyab_generate_messages_cpp
[ 30%] Built target flyab_generate_messages_lisp
[ 38%] Built target flyab_generate_messages_py
[ 53%] Built target flyab_generate_messages_eus
[ 69%] Built target setmode_flyab
[ 76%] Built target flyab_generate_messages_nodejs
[ 76%] Built target flyab_generate_messages
[ 84%] [32m[1mLinking CXX shared library /home/ddquan/testflyab_ws/devel/.private/flyab/lib/libflyab_lib.so[0m
[ 84%] Built target flyab_lib
[ 92%] [32m[1mLinking CXX executable /home/ddquan/testflyab_ws/devel/.private/flyab/lib/flyab/flyab_node[0m
[100%] Built target flyab_node
