[ 15%] Built target flyab_lib
[ 15%] Built target std_msgs_generate_messages_lisp
[ 15%] Built target std_msgs_generate_messages_py
[ 15%] Built target geometry_msgs_generate_messages_py
[ 15%] Built target geometry_msgs_generate_messages_lisp
[ 15%] Built target _flyab_generate_messages_check_deps_FlatTarget
[ 15%] Built target std_msgs_generate_messages_eus
[ 15%] Built target geometry_msgs_generate_messages_eus
[ 15%] Built target geometry_msgs_generate_messages_cpp
[ 15%] Built target geometry_msgs_generate_messages_nodejs
[ 15%] Built target std_msgs_generate_messages_cpp
[ 15%] Built target std_msgs_generate_messages_nodejs
[ 30%] Built target flyab_generate_messages_lisp
[ 38%] Built target setmode_flyab
[ 61%] Built target flyab_generate_messages_eus
[ 69%] Built target flyab_generate_messages_py
[ 76%] Built target flyab_generate_messages_cpp
[ 92%] Built target flyab_node
[100%] Built target flyab_generate_messages_nodejs
[100%] Built target flyab_generate_messages
