Linked: (/home/ddquan/testflyab_ws/devel/.private/flyab/include/flyab/FlatTarget.h, /home/ddquan/testflyab_ws/devel/include/flyab/FlatTarget.h)
Linked: (/home/ddquan/testflyab_ws/devel/.private/flyab/share/roseus/ros/flyab/manifest.l, /home/ddquan/testflyab_ws/devel/share/roseus/ros/flyab/manifest.l)
Linked: (/home/ddquan/testflyab_ws/devel/.private/flyab/share/roseus/ros/flyab/msg/FlatTarget.l, /home/ddquan/testflyab_ws/devel/share/roseus/ros/flyab/msg/FlatTarget.l)
Linked: (/home/ddquan/testflyab_ws/devel/.private/flyab/share/common-lisp/ros/flyab/msg/_package_FlatTarget.lisp, /home/ddquan/testflyab_ws/devel/share/common-lisp/ros/flyab/msg/_package_FlatTarget.lisp)
Linked: (/home/ddquan/testflyab_ws/devel/.private/flyab/share/common-lisp/ros/flyab/msg/_package.lisp, /home/ddquan/testflyab_ws/devel/share/common-lisp/ros/flyab/msg/_package.lisp)
Linked: (/home/ddquan/testflyab_ws/devel/.private/flyab/share/common-lisp/ros/flyab/msg/FlatTarget.lisp, /home/ddquan/testflyab_ws/devel/share/common-lisp/ros/flyab/msg/FlatTarget.lisp)
Linked: (/home/ddquan/testflyab_ws/devel/.private/flyab/share/common-lisp/ros/flyab/msg/flyab-msg.asd, /home/ddquan/testflyab_ws/devel/share/common-lisp/ros/flyab/msg/flyab-msg.asd)
Linked: (/home/ddquan/testflyab_ws/devel/.private/flyab/share/flyab/cmake/flyabConfig-version.cmake, /home/ddquan/testflyab_ws/devel/share/flyab/cmake/flyabConfig-version.cmake)
Linked: (/home/ddquan/testflyab_ws/devel/.private/flyab/share/flyab/cmake/flyab-msg-extras.cmake, /home/ddquan/testflyab_ws/devel/share/flyab/cmake/flyab-msg-extras.cmake)
Linked: (/home/ddquan/testflyab_ws/devel/.private/flyab/share/flyab/cmake/flyabConfig.cmake, /home/ddquan/testflyab_ws/devel/share/flyab/cmake/flyabConfig.cmake)
Linked: (/home/ddquan/testflyab_ws/devel/.private/flyab/share/flyab/cmake/flyab-msg-paths.cmake, /home/ddquan/testflyab_ws/devel/share/flyab/cmake/flyab-msg-paths.cmake)
Linked: (/home/ddquan/testflyab_ws/devel/.private/flyab/share/gennodejs/ros/flyab/_index.js, /home/ddquan/testflyab_ws/devel/share/gennodejs/ros/flyab/_index.js)
Linked: (/home/ddquan/testflyab_ws/devel/.private/flyab/share/gennodejs/ros/flyab/msg/FlatTarget.js, /home/ddquan/testflyab_ws/devel/share/gennodejs/ros/flyab/msg/FlatTarget.js)
Linked: (/home/ddquan/testflyab_ws/devel/.private/flyab/share/gennodejs/ros/flyab/msg/_index.js, /home/ddquan/testflyab_ws/devel/share/gennodejs/ros/flyab/msg/_index.js)
Linked: (/home/ddquan/testflyab_ws/devel/.private/flyab/lib/libflyab_lib.so, /home/ddquan/testflyab_ws/devel/lib/libflyab_lib.so)
Linked: (/home/ddquan/testflyab_ws/devel/.private/flyab/lib/python3/dist-packages/flyab/__init__.py, /home/ddquan/testflyab_ws/devel/lib/python3/dist-packages/flyab/__init__.py)
Linked: (/home/ddquan/testflyab_ws/devel/.private/flyab/lib/python3/dist-packages/flyab/msg/__init__.py, /home/ddquan/testflyab_ws/devel/lib/python3/dist-packages/flyab/msg/__init__.py)
Linked: (/home/ddquan/testflyab_ws/devel/.private/flyab/lib/python3/dist-packages/flyab/msg/_FlatTarget.py, /home/ddquan/testflyab_ws/devel/lib/python3/dist-packages/flyab/msg/_FlatTarget.py)
Linked: (/home/ddquan/testflyab_ws/devel/.private/flyab/lib/flyab/MarkerDetection.py, /home/ddquan/testflyab_ws/devel/lib/flyab/MarkerDetection.py)
Linked: (/home/ddquan/testflyab_ws/devel/.private/flyab/lib/flyab/setmode_flyab, /home/ddquan/testflyab_ws/devel/lib/flyab/setmode_flyab)
Linked: (/home/ddquan/testflyab_ws/devel/.private/flyab/lib/flyab/real_cam.py, /home/ddquan/testflyab_ws/devel/lib/flyab/real_cam.py)
Linked: (/home/ddquan/testflyab_ws/devel/.private/flyab/lib/flyab/transform.py, /home/ddquan/testflyab_ws/devel/lib/flyab/transform.py)
Linked: (/home/ddquan/testflyab_ws/devel/.private/flyab/lib/flyab/flyab_node, /home/ddquan/testflyab_ws/devel/lib/flyab/flyab_node)
Linked: (/home/ddquan/testflyab_ws/devel/.private/flyab/lib/flyab/cmake.lock, /home/ddquan/testflyab_ws/devel/lib/flyab/cmake.lock)
Linked: (/home/ddquan/testflyab_ws/devel/.private/flyab/lib/pkgconfig/flyab.pc, /home/ddquan/testflyab_ws/devel/lib/pkgconfig/flyab.pc)
