[01m[K/home/ddquan/testflyab_ws/src/flyab/src/flyab_lib.cpp:[m[K In member function ‘[01m[Kvoid OffboardControl::enuYawFlight()[m[K’:
[01m[K/home/ddquan/testflyab_ws/src/flyab/src/flyab_lib.cpp:509:50:[m[K [01;31m[Kerror: [m[Kno match for ‘[01m[Koperator-[m[K’ (operand types are ‘[01m[Kgeometry_msgs::Point_<std::allocator<void> >::_x_type[m[K’ {aka ‘[01m[Kdouble[m[K’} and ‘[01m[Kgeometry_msgs::Pose_<std::allocator<void> >::_position_type[m[K’ {aka ‘[01m[Kgeometry_msgs::Point_<std::allocator<void> >[m[K’})
  509 |             if(([32m[Ktarget_enu_pose_.pose.position.x[m[K [01;31m[K-[m[K [34m[Kcurrent_odom_.pose.pose.position[m[K) && (target_enu_pose_.pose.position.x - current_odom_.pose.pose.position.x) < 0.5)
      |                 [32m[K~~~~~~~~~~~~~~~~~~~~~~~~~~~~~~~~[m[K [01;31m[K^[m[K [34m[K~~~~~~~~~~~~~~~~~~~~~~~~~~~~~~~~[m[K
      |                                                [32m[K|[m[K                           [34m[K|[m[K
      |                                                [32m[K|[m[K                           [34m[Kgeometry_msgs::Pose_<std::allocator<void> >::_position_type {aka geometry_msgs::Point_<std::allocator<void> >}[m[K
      |                                                [32m[Kgeometry_msgs::Point_<std::allocator<void> >::_x_type {aka double}[m[K
In file included from [01m[K/usr/include/c++/9/bits/stl_algobase.h:67[m[K,
                 from [01m[K/usr/include/c++/9/bits/char_traits.h:39[m[K,
                 from [01m[K/usr/include/c++/9/string:40[m[K,
                 from [01m[K/opt/ros/noetic/include/ros/platform.h:38[m[K,
                 from [01m[K/opt/ros/noetic/include/ros/time.h:53[m[K,
                 from [01m[K/opt/ros/noetic/include/ros/ros.h:38[m[K,
                 from [01m[K/home/ddquan/testflyab_ws/src/flyab/include/flyab/flyab.h:4[m[K,
                 from [01m[K/home/ddquan/testflyab_ws/src/flyab/src/flyab_lib.cpp:1[m[K:
[01m[K/usr/include/c++/9/bits/stl_iterator.h:415:5:[m[K [01;36m[Knote: [m[Kcandidate: ‘[01m[Ktemplate<class _IteratorL, class _IteratorR> decltype ((__y.base() - __x.base())) std::operator-(const std::reverse_iterator<_Iterator>&, const std::reverse_iterator<_IteratorR>&)[m[K’
  415 |     [01;36m[Koperator[m[K-(const reverse_iterator<_IteratorL>& __x,
      |     [01;36m[K^~~~~~~~[m[K
[01m[K/usr/include/c++/9/bits/stl_iterator.h:415:5:[m[K [01;36m[Knote: [m[K  template argument deduction/substitution failed:
[01m[K/home/ddquan/testflyab_ws/src/flyab/src/flyab_lib.cpp:509:76:[m[K [01;36m[Knote: [m[K  mismatched types ‘[01m[Kconst std::reverse_iterator<_Iterator>[m[K’ and ‘[01m[Kgeometry_msgs::Point_<std::allocator<void> >::_x_type[m[K’ {aka ‘[01m[Kdouble[m[K’}
  509 |             if((target_enu_pose_.pose.position.x - current_odom_.pose.pose.[01;36m[Kposition[m[K) && (target_enu_pose_.pose.position.x - current_odom_.pose.pose.position.x) < 0.5)
      |                                                                            [01;36m[K^~~~~~~~[m[K
In file included from [01m[K/usr/include/c++/9/bits/stl_algobase.h:67[m[K,
                 from [01m[K/usr/include/c++/9/bits/char_traits.h:39[m[K,
                 from [01m[K/usr/include/c++/9/string:40[m[K,
                 from [01m[K/opt/ros/noetic/include/ros/platform.h:38[m[K,
                 from [01m[K/opt/ros/noetic/include/ros/time.h:53[m[K,
                 from [01m[K/opt/ros/noetic/include/ros/ros.h:38[m[K,
                 from [01m[K/home/ddquan/testflyab_ws/src/flyab/include/flyab/flyab.h:4[m[K,
                 from [01m[K/home/ddquan/testflyab_ws/src/flyab/src/flyab_lib.cpp:1[m[K:
[01m[K/usr/include/c++/9/bits/stl_iterator.h:1209:5:[m[K [01;36m[Knote: [m[Kcandidate: ‘[01m[Ktemplate<class _IteratorL, class _IteratorR> decltype ((__x.base() - __y.base())) std::operator-(const std::move_iterator<_IteratorL>&, const std::move_iterator<_IteratorR>&)[m[K’
 1209 |     [01;36m[Koperator[m[K-(const move_iterator<_IteratorL>& __x,
      |     [01;36m[K^~~~~~~~[m[K
[01m[K/usr/include/c++/9/bits/stl_iterator.h:1209:5:[m[K [01;36m[Knote: [m[K  template argument deduction/substitution failed:
[01m[K/home/ddquan/testflyab_ws/src/flyab/src/flyab_lib.cpp:509:76:[m[K [01;36m[Knote: [m[K  mismatched types ‘[01m[Kconst std::move_iterator<_IteratorL>[m[K’ and ‘[01m[Kgeometry_msgs::Point_<std::allocator<void> >::_x_type[m[K’ {aka ‘[01m[Kdouble[m[K’}
  509 |             if((target_enu_pose_.pose.position.x - current_odom_.pose.pose.[01;36m[Kposition[m[K) && (target_enu_pose_.pose.position.x - current_odom_.pose.pose.position.x) < 0.5)
      |                                                                            [01;36m[K^~~~~~~~[m[K
In file included from [01m[K/usr/include/boost/config/no_tr1/complex.hpp:21[m[K,
                 from [01m[K/usr/include/boost/math/policies/error_handling.hpp:17[m[K,
                 from [01m[K/usr/include/boost/math/special_functions/round.hpp:14[m[K,
                 from [01m[K/opt/ros/noetic/include/ros/time.h:58[m[K,
                 from [01m[K/opt/ros/noetic/include/ros/ros.h:38[m[K,
                 from [01m[K/home/ddquan/testflyab_ws/src/flyab/include/flyab/flyab.h:4[m[K,
                 from [01m[K/home/ddquan/testflyab_ws/src/flyab/src/flyab_lib.cpp:1[m[K:
[01m[K/usr/include/c++/9/complex:361:5:[m[K [01;36m[Knote: [m[Kcandidate: ‘[01m[Ktemplate<class _Tp> std::complex<_Tp> std::operator-(const std::complex<_Tp>&, const std::complex<_Tp>&)[m[K’
  361 |     [01;36m[Koperator[m[K-(const complex<_Tp>& __x, const complex<_Tp>& __y)
      |     [01;36m[K^~~~~~~~[m[K
[01m[K/usr/include/c++/9/complex:361:5:[m[K [01;36m[Knote: [m[K  template argument deduction/substitution failed:
[01m[K/home/ddquan/testflyab_ws/src/flyab/src/flyab_lib.cpp:509:76:[m[K [01;36m[Knote: [m[K  mismatched types ‘[01m[Kconst std::complex<_Tp>[m[K’ and ‘[01m[Kgeometry_msgs::Point_<std::allocator<void> >::_x_type[m[K’ {aka ‘[01m[Kdouble[m[K’}
  509 |             if((target_enu_pose_.pose.position.x - current_odom_.pose.pose.[01;36m[Kposition[m[K) && (target_enu_pose_.pose.position.x - current_odom_.pose.pose.position.x) < 0.5)
      |                                                                            [01;36m[K^~~~~~~~[m[K
In file included from [01m[K/usr/include/boost/config/no_tr1/complex.hpp:21[m[K,
                 from [01m[K/usr/include/boost/math/policies/error_handling.hpp:17[m[K,
                 from [01m[K/usr/include/boost/math/special_functions/round.hpp:14[m[K,
                 from [01m[K/opt/ros/noetic/include/ros/time.h:58[m[K,
                 from [01m[K/opt/ros/noetic/include/ros/ros.h:38[m[K,
                 from [01m[K/home/ddquan/testflyab_ws/src/flyab/include/flyab/flyab.h:4[m[K,
                 from [01m[K/home/ddquan/testflyab_ws/src/flyab/src/flyab_lib.cpp:1[m[K:
[01m[K/usr/include/c++/9/complex:370:5:[m[K [01;36m[Knote: [m[Kcandidate: ‘[01m[Ktemplate<class _Tp> std::complex<_Tp> std::operator-(const std::complex<_Tp>&, const _Tp&)[m[K’
  370 |     [01;36m[Koperator[m[K-(const complex<_Tp>& __x, const _Tp& __y)
      |     [01;36m[K^~~~~~~~[m[K
[01m[K/usr/include/c++/9/complex:370:5:[m[K [01;36m[Knote: [m[K  template argument deduction/substitution failed:
[01m[K/home/ddquan/testflyab_ws/src/flyab/src/flyab_lib.cpp:509:76:[m[K [01;36m[Knote: [m[K  mismatched types ‘[01m[Kconst std::complex<_Tp>[m[K’ and ‘[01m[Kgeometry_msgs::Point_<std::allocator<void> >::_x_type[m[K’ {aka ‘[01m[Kdouble[m[K’}
  509 |             if((target_enu_pose_.pose.position.x - current_odom_.pose.pose.[01;36m[Kposition[m[K) && (target_enu_pose_.pose.position.x - current_odom_.pose.pose.position.x) < 0.5)
      |                                                                            [01;36m[K^~~~~~~~[m[K
In file included from [01m[K/usr/include/boost/config/no_tr1/complex.hpp:21[m[K,
                 from [01m[K/usr/include/boost/math/policies/error_handling.hpp:17[m[K,
                 from [01m[K/usr/include/boost/math/special_functions/round.hpp:14[m[K,
                 from [01m[K/opt/ros/noetic/include/ros/time.h:58[m[K,
                 from [01m[K/opt/ros/noetic/include/ros/ros.h:38[m[K,
                 from [01m[K/home/ddquan/testflyab_ws/src/flyab/include/flyab/flyab.h:4[m[K,
                 from [01m[K/home/ddquan/testflyab_ws/src/flyab/src/flyab_lib.cpp:1[m[K:
[01m[K/usr/include/c++/9/complex:379:5:[m[K [01;36m[Knote: [m[Kcandidate: ‘[01m[Ktemplate<class _Tp> std::complex<_Tp> std::operator-(const _Tp&, const std::complex<_Tp>&)[m[K’
  379 |     [01;36m[Koperator[m[K-(const _Tp& __x, const complex<_Tp>& __y)
      |     [01;36m[K^~~~~~~~[m[K
[01m[K/usr/include/c++/9/complex:379:5:[m[K [01;36m[Knote: [m[K  template argument deduction/substitution failed:
[01m[K/home/ddquan/testflyab_ws/src/flyab/src/flyab_lib.cpp:509:76:[m[K [01;36m[Knote: [m[K  ‘[01m[Kgeometry_msgs::Pose_<std::allocator<void> >::_position_type[m[K’ {aka ‘[01m[Kgeometry_msgs::Point_<std::allocator<void> >[m[K’} is not derived from ‘[01m[Kconst std::complex<_Tp>[m[K’
  509 |             if((target_enu_pose_.pose.position.x - current_odom_.pose.pose.[01;36m[Kposition[m[K) && (target_enu_pose_.pose.position.x - current_odom_.pose.pose.position.x) < 0.5)
      |                                                                            [01;36m[K^~~~~~~~[m[K
In file included from [01m[K/usr/include/boost/config/no_tr1/complex.hpp:21[m[K,
                 from [01m[K/usr/include/boost/math/policies/error_handling.hpp:17[m[K,
                 from [01m[K/usr/include/boost/math/special_functions/round.hpp:14[m[K,
                 from [01m[K/opt/ros/noetic/include/ros/time.h:58[m[K,
                 from [01m[K/opt/ros/noetic/include/ros/ros.h:38[m[K,
                 from [01m[K/home/ddquan/testflyab_ws/src/flyab/include/flyab/flyab.h:4[m[K,
                 from [01m[K/home/ddquan/testflyab_ws/src/flyab/src/flyab_lib.cpp:1[m[K:
[01m[K/usr/include/c++/9/complex:456:5:[m[K [01;36m[Knote: [m[Kcandidate: ‘[01m[Ktemplate<class _Tp> std::complex<_Tp> std::operator-(const std::complex<_Tp>&)[m[K’
  456 |     [01;36m[Koperator[m[K-(const complex<_Tp>& __x)
      |     [01;36m[K^~~~~~~~[m[K
[01m[K/usr/include/c++/9/complex:456:5:[m[K [01;36m[Knote: [m[K  template argument deduction/substitution failed:
[01m[K/home/ddquan/testflyab_ws/src/flyab/src/flyab_lib.cpp:509:76:[m[K [01;36m[Knote: [m[K  mismatched types ‘[01m[Kconst std::complex<_Tp>[m[K’ and ‘[01m[Kgeometry_msgs::Point_<std::allocator<void> >::_x_type[m[K’ {aka ‘[01m[Kdouble[m[K’}
  509 |             if((target_enu_pose_.pose.position.x - current_odom_.pose.pose.[01;36m[Kposition[m[K) && (target_enu_pose_.pose.position.x - current_odom_.pose.pose.position.x) < 0.5)
      |                                                                            [01;36m[K^~~~~~~~[m[K
In file included from [01m[K/usr/include/c++/9/vector:68[m[K,
                 from [01m[K/usr/include/boost/math/special_functions/math_fwd.hpp:26[m[K,
                 from [01m[K/usr/include/boost/math/special_functions/round.hpp:15[m[K,
                 from [01m[K/opt/ros/noetic/include/ros/time.h:58[m[K,
                 from [01m[K/opt/ros/noetic/include/ros/ros.h:38[m[K,
                 from [01m[K/home/ddquan/testflyab_ws/src/flyab/include/flyab/flyab.h:4[m[K,
                 from [01m[K/home/ddquan/testflyab_ws/src/flyab/src/flyab_lib.cpp:1[m[K:
[01m[K/usr/include/c++/9/bits/stl_bvector.h:214:3:[m[K [01;36m[Knote: [m[Kcandidate: ‘[01m[Kstd::ptrdiff_t std::operator-(const std::_Bit_iterator_base&, const std::_Bit_iterator_base&)[m[K’
  214 |   [01;36m[Koperator[m[K-(const _Bit_iterator_base& __x, const _Bit_iterator_base& __y)
      |   [01;36m[K^~~~~~~~[m[K
[01m[K/usr/include/c++/9/bits/stl_bvector.h:214:39:[m[K [01;36m[Knote: [m[K  no known conversion for argument 1 from ‘[01m[Kgeometry_msgs::Point_<std::allocator<void> >::_x_type[m[K’ {aka ‘[01m[Kdouble[m[K’} to ‘[01m[Kconst std::_Bit_iterator_base&[m[K’
  214 |   operator-([01;36m[Kconst _Bit_iterator_base& __x[m[K, const _Bit_iterator_base& __y)
      |             [01;36m[K~~~~~~~~~~~~~~~~~~~~~~~~~~^~~[m[K
In file included from [01m[K/usr/include/c++/9/deque:67[m[K,
                 from [01m[K/usr/include/boost/detail/container_fwd.hpp:91[m[K,
                 from [01m[K/usr/include/boost/container_hash/extensions.hpp:22[m[K,
                 from [01m[K/usr/include/boost/container_hash/hash.hpp:760[m[K,
                 from [01m[K/usr/include/boost/functional/hash.hpp:6[m[K,
                 from [01m[K/usr/include/boost/unordered/unordered_map.hpp:18[m[K,
                 from [01m[K/usr/include/boost/unordered_map.hpp:17[m[K,
                 from [01m[K/opt/ros/noetic/include/tf/tf.h:45[m[K,
                 from [01m[K/home/ddquan/testflyab_ws/src/flyab/include/flyab/flyab.h:5[m[K,
                 from [01m[K/home/ddquan/testflyab_ws/src/flyab/src/flyab_lib.cpp:1[m[K:
[01m[K/usr/include/c++/9/bits/stl_deque.h:370:5:[m[K [01;36m[Knote: [m[Kcandidate: ‘[01m[Ktemplate<class _Tp, class _Ref, class _Ptr> typename std::_Deque_iterator<_Tp, _Ref, _Ptr>::difference_type std::operator-(const std::_Deque_iterator<_Tp, _Ref, _Ptr>&, const std::_Deque_iterator<_Tp, _Ref, _Ptr>&)[m[K’
  370 |     [01;36m[Koperator[m[K-(const _Deque_iterator<_Tp, _Ref, _Ptr>& __x,
      |     [01;36m[K^~~~~~~~[m[K
[01m[K/usr/include/c++/9/bits/stl_deque.h:370:5:[m[K [01;36m[Knote: [m[K  template argument deduction/substitution failed:
[01m[K/home/ddquan/testflyab_ws/src/flyab/src/flyab_lib.cpp:509:76:[m[K [01;36m[Knote: [m[K  mismatched types ‘[01m[Kconst std::_Deque_iterator<_Tp, _Ref, _Ptr>[m[K’ and ‘[01m[Kgeometry_msgs::Point_<std::allocator<void> >::_x_type[m[K’ {aka ‘[01m[Kdouble[m[K’}
  509 |             if((target_enu_pose_.pose.position.x - current_odom_.pose.pose.[01;36m[Kposition[m[K) && (target_enu_pose_.pose.position.x - current_odom_.pose.pose.position.x) < 0.5)
      |                                                                            [01;36m[K^~~~~~~~[m[K
In file included from [01m[K/usr/include/c++/9/deque:67[m[K,
                 from [01m[K/usr/include/boost/detail/container_fwd.hpp:91[m[K,
                 from [01m[K/usr/include/boost/container_hash/extensions.hpp:22[m[K,
                 from [01m[K/usr/include/boost/container_hash/hash.hpp:760[m[K,
                 from [01m[K/usr/include/boost/functional/hash.hpp:6[m[K,
                 from [01m[K/usr/include/boost/unordered/unordered_map.hpp:18[m[K,
                 from [01m[K/usr/include/boost/unordered_map.hpp:17[m[K,
                 from [01m[K/opt/ros/noetic/include/tf/tf.h:45[m[K,
                 from [01m[K/home/ddquan/testflyab_ws/src/flyab/include/flyab/flyab.h:5[m[K,
                 from [01m[K/home/ddquan/testflyab_ws/src/flyab/src/flyab_lib.cpp:1[m[K:
[01m[K/usr/include/c++/9/bits/stl_deque.h:382:5:[m[K [01;36m[Knote: [m[Kcandidate: ‘[01m[Ktemplate<class _Tp, class _RefL, class _PtrL, class _RefR, class _PtrR> typename std::_Deque_iterator<_Tp, _Ref, _Ptr>::difference_type std::operator-(const std::_Deque_iterator<_Tp, _Ref, _Ptr>&, const std::_Deque_iterator<_Tp, _RefR, _PtrR>&)[m[K’
  382 |     [01;36m[Koperator[m[K-(const _Deque_iterator<_Tp, _RefL, _PtrL>& __x,
      |     [01;36m[K^~~~~~~~[m[K
[01m[K/usr/include/c++/9/bits/stl_deque.h:382:5:[m[K [01;36m[Knote: [m[K  template argument deduction/substitution failed:
[01m[K/home/ddquan/testflyab_ws/src/flyab/src/flyab_lib.cpp:509:76:[m[K [01;36m[Knote: [m[K  mismatched types ‘[01m[Kconst std::_Deque_iterator<_Tp, _Ref, _Ptr>[m[K’ and ‘[01m[Kgeometry_msgs::Point_<std::allocator<void> >::_x_type[m[K’ {aka ‘[01m[Kdouble[m[K’}
  509 |             if((target_enu_pose_.pose.position.x - current_odom_.pose.pose.[01;36m[Kposition[m[K) && (target_enu_pose_.pose.position.x - current_odom_.pose.pose.position.x) < 0.5)
      |                                                                            [01;36m[K^~~~~~~~[m[K
make[2]: *** [CMakeFiles/flyab_lib.dir/build.make:63: CMakeFiles/flyab_lib.dir/src/flyab_lib.cpp.o] Error 1
make[1]: *** [CMakeFiles/Makefile2:234: CMakeFiles/flyab_lib.dir/all] Error 2
make: *** [Makefile:141: all] Error 2
